<?xml version="1.0" encoding="UTF-8"?>
<!-- Generated by org.testng.reporters.JUnitReportReporter -->
<testsuite hostname="DESKTOP-P6J6LUM" failures="0" tests="1" name="TESTNG.Login1" time="15.324" errors="0" timestamp="2023-10-12T16:19:06 IST" skipped="0">
  <testcase classname="TESTNG.Login1" name="f" time="15.324"/>
  <system-out/>
</testsuite> <!-- TESTNG.Login1 -->
