<?xml version="1.0" encoding="UTF-8"?>
<!-- Generated by org.testng.reporters.JUnitReportReporter -->
<testsuite hostname="DESKTOP-P6J6LUM" failures="0" tests="6" name="TESTNG.Seconddemo" time="0.035" errors="0" timestamp="2023-04-18T17:29:12 IST" skipped="1">
  <testcase classname="TESTNG.Seconddemo" name="a" time="0.016"/>
  <system-out/>
  <testcase classname="TESTNG.Seconddemo" name="f" time="0.003"/>
  <system-out/>
  <testcase classname="TESTNG.Seconddemo" name="v" time="0.004"/>
  <system-out/>
  <testcase classname="TESTNG.Seconddemo" name="m" time="0.003"/>
  <system-out/>
  <testcase classname="TESTNG.Seconddemo" name="s" time="0.009"/>
  <system-out/>
  <testcase classname="TESTNG.Seconddemo" name="j">
    <skipped/>
  </testcase> <!-- j -->
  <system-out/>
</testsuite> <!-- TESTNG.Seconddemo -->
