<?xml version="1.0" encoding="UTF-8"?>
<!-- Generated by org.testng.reporters.JUnitReportReporter -->
<testsuite hostname="DESKTOP-P6J6LUM" failures="0" tests="13" name="TESTNG.NewTest123" time="0.047" errors="0" timestamp="2023-07-12T12:45:17 IST" skipped="0">
  <testcase classname="TESTNG.NewTest123" name="z" time="0.015"/>
  <system-out/>
  <testcase classname="TESTNG.NewTest123" name="A" time="0.005"/>
  <system-out/>
  <testcase classname="TESTNG.NewTest123" name="f" time="0.001"/>
  <system-out/>
  <testcase classname="TESTNG.NewTest123" name="f" time="0.001"/>
  <system-out/>
  <testcase classname="TESTNG.NewTest123" name="m" time="0.002"/>
  <system-out/>
  <testcase classname="TESTNG.NewTest123" name="f" time="0.001"/>
  <system-out/>
  <testcase classname="TESTNG.NewTest123" name="f" time="0.004"/>
  <system-out/>
  <testcase classname="TESTNG.NewTest123" name="f" time="0.001"/>
  <system-out/>
  <testcase classname="TESTNG.NewTest123" name="f" time="0.002"/>
  <system-out/>
  <testcase classname="TESTNG.NewTest123" name="f" time="0.007"/>
  <system-out/>
  <testcase classname="TESTNG.NewTest123" name="f" time="0.003"/>
  <system-out/>
  <testcase classname="TESTNG.NewTest123" name="f" time="0.002"/>
  <system-out/>
  <testcase classname="TESTNG.NewTest123" name="f" time="0.003"/>
  <system-out/>
</testsuite> <!-- TESTNG.NewTest123 -->
