<?xml version="1.0" encoding="UTF-8"?>
<!-- Generated by org.testng.reporters.JUnitReportReporter -->
<testsuite hostname="DESKTOP-P6J6LUM" failures="0" tests="4" name="TESTNG.Basicrun" time="0.027" errors="0" timestamp="2023-07-26T12:51:25 IST" skipped="0">
  <testcase classname="TESTNG.Basicrun" name="c" time="0.003"/>
  <system-out/>
  <testcase classname="TESTNG.Basicrun" name="z" time="0.003"/>
  <system-out/>
  <testcase classname="TESTNG.Basicrun" name="f" time="0.007"/>
  <system-out/>
  <testcase classname="TESTNG.Basicrun" name="F" time="0.014"/>
  <system-out/>
</testsuite> <!-- TESTNG.Basicrun -->
