<?xml version="1.0" encoding="UTF-8"?>
<!-- Generated by org.testng.reporters.JUnitReportReporter -->
<testsuite hostname="DESKTOP-P6J6LUM" failures="0" tests="7" name="TESTNG.Attributes" time="0.332" errors="0" timestamp="2023-10-25T10:50:27 IST" skipped="0">
  <testcase classname="TESTNG.Attributes" name="printtitle" time="0.014"/>
  <system-out/>
  <testcase classname="TESTNG.Attributes" name="printtitle" time="0.015"/>
  <system-out/>
  <testcase classname="TESTNG.Attributes" name="printtitle" time="0.221"/>
  <system-out/>
  <testcase classname="TESTNG.Attributes" name="printurl" time="0.037"/>
  <system-out/>
  <testcase classname="TESTNG.Attributes" name="printtitle" time="0.026"/>
  <system-out/>
  <testcase classname="TESTNG.Attributes" name="f" time="0.006"/>
  <system-out/>
  <testcase classname="TESTNG.Attributes" name="printtitle" time="0.013"/>
  <system-out/>
</testsuite> <!-- TESTNG.Attributes -->
