<?xml version="1.0" encoding="UTF-8"?>
<!-- Generated by org.testng.reporters.JUnitReportReporter -->
<testsuite hostname="DESKTOP-P6J6LUM" failures="0" tests="1" name="TESTNG.Groups" time="10.446" errors="0" timestamp="2023-10-17T15:59:40 IST" skipped="0">
  <testcase classname="TESTNG.Groups" name="printurl" time="10.446"/>
  <system-out/>
</testsuite> <!-- TESTNG.Groups -->
