<?xml version="1.0" encoding="UTF-8"?>
<!-- Generated by org.testng.reporters.JUnitReportReporter -->
<testsuite hostname="DESKTOP-P6J6LUM" failures="0" tests="5" name="TESTNG.Parallel" time="0.058" errors="0" timestamp="2023-11-01T15:54:07 IST" skipped="0">
  <testcase classname="TESTNG.Parallel" name="m1" time="0.013"/>
  <system-out/>
  <testcase classname="TESTNG.Parallel" name="m5" time="0.011"/>
  <system-out/>
  <testcase classname="TESTNG.Parallel" name="m4" time="0.011"/>
  <system-out/>
  <testcase classname="TESTNG.Parallel" name="m2" time="0.006"/>
  <system-out/>
  <testcase classname="TESTNG.Parallel" name="m3" time="0.017"/>
  <system-out/>
</testsuite> <!-- TESTNG.Parallel -->
