<?xml version="1.0" encoding="UTF-8"?>
<!-- Generated by org.testng.reporters.JUnitReportReporter -->
<testsuite hostname="DESKTOP-P6J6LUM" failures="0" tests="1" name="TESTNG.Login" time="14.126" errors="0" timestamp="2023-07-26T13:20:07 IST" skipped="0">
  <testcase classname="TESTNG.Login" name="f" time="14.126"/>
  <system-out/>
</testsuite> <!-- TESTNG.Login -->
