<?xml version="1.0" encoding="UTF-8"?>
<!-- Generated by org.testng.reporters.JUnitReportReporter -->
<testsuite hostname="DESKTOP-P6J6LUM" failures="0" tests="1" name="TESTNG.Allannotations" time="0.092" errors="0" timestamp="2023-11-01T15:55:30 IST" skipped="0">
  <testcase classname="TESTNG.Allannotations" name="f" time="0.092"/>
  <system-out/>
</testsuite> <!-- TESTNG.Allannotations -->
