<?xml version="1.0" encoding="UTF-8"?>
<!-- Generated by org.testng.reporters.JUnitReportReporter -->
<testsuite hostname="DESKTOP-P6J6LUM" failures="0" tests="15" name="TESTNG.Crossbrowser" time="22.473" errors="0" timestamp="2023-11-01T15:53:04 IST" skipped="0">
  <testcase classname="TESTNG.Crossbrowser" name="printTitle" time="0.011"/>
  <system-out/>
  <testcase classname="TESTNG.Crossbrowser" name="printTitle" time="0.142"/>
  <system-out/>
  <testcase classname="TESTNG.Crossbrowser" name="printTitle" time="3.050"/>
  <system-out/>
  <testcase classname="TESTNG.Crossbrowser" name="printURL" time="0.032"/>
  <system-out/>
  <testcase classname="TESTNG.Crossbrowser" name="printURL" time="0.357"/>
  <system-out/>
  <testcase classname="TESTNG.Crossbrowser" name="printURL" time="0.094"/>
  <system-out/>
  <testcase classname="TESTNG.Crossbrowser" name="printLinksCount" time="0.087"/>
  <system-out/>
  <testcase classname="TESTNG.Crossbrowser" name="printLinksCount" time="0.247"/>
  <system-out/>
  <testcase classname="TESTNG.Crossbrowser" name="printLinksCount" time="1.426"/>
  <system-out/>
  <testcase classname="TESTNG.Crossbrowser" name="printLinks" time="10.837"/>
  <system-out/>
  <testcase classname="TESTNG.Crossbrowser" name="printLinks" time="3.528"/>
  <system-out/>
  <testcase classname="TESTNG.Crossbrowser" name="printLinks" time="1.163"/>
  <system-out/>
  <testcase classname="TESTNG.Crossbrowser" name="verifyLogin" time="0.630"/>
  <system-out/>
  <testcase classname="TESTNG.Crossbrowser" name="verifyLogin" time="0.345"/>
  <system-out/>
  <testcase classname="TESTNG.Crossbrowser" name="verifyLogin" time="0.524"/>
  <system-out/>
</testsuite> <!-- TESTNG.Crossbrowser -->
