<?xml version="1.0" encoding="UTF-8"?>
<!-- Generated by org.testng.reporters.JUnitReportReporter -->
<testsuite hostname="DESKTOP-P6J6LUM" failures="0" tests="2" name="TESTNG.NewTest" time="0.028" errors="0" timestamp="2023-03-23T11:56:03 IST" skipped="0">
  <testcase classname="TESTNG.NewTest" name="Test1" time="0.014"/>
  <system-out/>
  <testcase classname="TESTNG.NewTest" name="Test" time="0.014"/>
  <system-out/>
</testsuite> <!-- TESTNG.NewTest -->
