<?xml version="1.0" encoding="UTF-8"?>
<!-- Generated by org.testng.reporters.JUnitReportReporter -->
<testsuite hostname="DESKTOP-P6J6LUM" failures="0" tests="3" name="TESTNG.BASIC" time="0.037" errors="0" timestamp="2023-11-01T15:55:30 IST" skipped="0">
  <testcase classname="TESTNG.BASIC" name="f" time="0.007"/>
  <system-out/>
  <testcase classname="TESTNG.BASIC" name="a" time="0.023"/>
  <system-out/>
  <testcase classname="TESTNG.BASIC" name="F" time="0.007"/>
  <system-out/>
</testsuite> <!-- TESTNG.BASIC -->
