<?xml version="1.0" encoding="UTF-8"?>
<!-- Generated by org.testng.reporters.JUnitReportReporter -->
<testsuite hostname="DESKTOP-P6J6LUM" failures="0" tests="11" name="TESTNG.Sample" time="0.255" errors="0" timestamp="2023-07-27T13:31:28 IST" skipped="0">
  <testcase classname="TESTNG.Sample" name="printtitle" time="0.021"/>
  <system-out/>
  <testcase classname="TESTNG.Sample" name="printtitle" time="0.013"/>
  <system-out/>
  <testcase classname="TESTNG.Sample" name="printtitle" time="0.016"/>
  <system-out/>
  <testcase classname="TESTNG.Sample" name="printtitle" time="0.020"/>
  <system-out/>
  <testcase classname="TESTNG.Sample" name="printtitle" time="0.049"/>
  <system-out/>
  <testcase classname="TESTNG.Sample" name="printtitle" time="0.023"/>
  <system-out/>
  <testcase classname="TESTNG.Sample" name="printtitle" time="0.013"/>
  <system-out/>
  <testcase classname="TESTNG.Sample" name="printurl" time="0.020"/>
  <system-out/>
  <testcase classname="TESTNG.Sample" name="printtitle" time="0.034"/>
  <system-out/>
  <testcase classname="TESTNG.Sample" name="printtitle" time="0.023"/>
  <system-out/>
  <testcase classname="TESTNG.Sample" name="printtitle" time="0.023"/>
  <system-out/>
</testsuite> <!-- TESTNG.Sample -->
