<?xml version="1.0" encoding="UTF-8"?>
<!-- Generated by org.testng.reporters.JUnitReportReporter -->
<testsuite hostname="DESKTOP-P6J6LUM" failures="0" tests="1" name="TESTNG.Demorun" time="0.007" errors="0" timestamp="2023-03-23T11:45:03 IST" skipped="0">
  <testcase classname="TESTNG.Demorun" name="f" time="0.007"/>
  <system-out/>
</testsuite> <!-- TESTNG.Demorun -->
